[debug] [2024-04-24T21:01:00.129Z] ----------------------------------------------------------------------
[debug] [2024-04-24T21:01:00.132Z] Command:       C:\Program Files\nodejs\node.exe C:\Users\nickw\AppData\Roaming\npm\node_modules\firebase-tools\lib\bin\firebase.js deploy
[debug] [2024-04-24T21:01:00.132Z] CLI Version:   13.7.2
[debug] [2024-04-24T21:01:00.132Z] Platform:      win32
[debug] [2024-04-24T21:01:00.132Z] Node Version:  v20.11.0
[debug] [2024-04-24T21:01:00.132Z] Time:          Wed Apr 24 2024 16:01:00 GMT-0500 (Central Daylight Time)
[debug] [2024-04-24T21:01:00.133Z] ----------------------------------------------------------------------
[debug] 
[debug] [2024-04-24T21:01:00.136Z] >>> [apiv2][query] GET https://firebase-public.firebaseio.com/cli.json [none]
[debug] [2024-04-24T21:01:00.246Z] > command requires scopes: ["email","openid","https://www.googleapis.com/auth/cloudplatformprojects.readonly","https://www.googleapis.com/auth/firebase","https://www.googleapis.com/auth/cloud-platform"]
[debug] [2024-04-24T21:01:00.246Z] > authorizing via signed-in user (nickwe02@gmail.com)
[debug] [2024-04-24T21:01:00.246Z] [iam] checking project nascarui for permissions ["firebase.projects.get","firebasehosting.sites.update"]
[debug] [2024-04-24T21:01:00.247Z] > refreshing access token with scopes: []
[debug] [2024-04-24T21:01:00.248Z] >>> [apiv2][query] POST https://www.googleapis.com/oauth2/v3/token [none]
[debug] [2024-04-24T21:01:00.248Z] >>> [apiv2][body] POST https://www.googleapis.com/oauth2/v3/token [omitted]
[debug] [2024-04-24T21:01:00.325Z] <<< [apiv2][status] GET https://firebase-public.firebaseio.com/cli.json 200
[debug] [2024-04-24T21:01:00.326Z] <<< [apiv2][body] GET https://firebase-public.firebaseio.com/cli.json {"cloudBuildErrorAfter":1594252800000,"cloudBuildWarnAfter":1590019200000,"defaultNode10After":1594252800000,"minVersion":"3.0.5","node8DeploysDisabledAfter":1613390400000,"node8RuntimeDisabledAfter":1615809600000,"node8WarnAfter":1600128000000}
[debug] [2024-04-24T21:01:00.369Z] <<< [apiv2][status] POST https://www.googleapis.com/oauth2/v3/token 200
[debug] [2024-04-24T21:01:00.369Z] <<< [apiv2][body] POST https://www.googleapis.com/oauth2/v3/token [omitted]
[debug] [2024-04-24T21:01:00.378Z] >>> [apiv2][query] POST https://cloudresourcemanager.googleapis.com/v1/projects/nascarui:testIamPermissions [none]
[debug] [2024-04-24T21:01:00.378Z] >>> [apiv2][(partial)header] POST https://cloudresourcemanager.googleapis.com/v1/projects/nascarui:testIamPermissions x-goog-quota-user=projects/nascarui
[debug] [2024-04-24T21:01:00.378Z] >>> [apiv2][body] POST https://cloudresourcemanager.googleapis.com/v1/projects/nascarui:testIamPermissions {"permissions":["firebase.projects.get","firebasehosting.sites.update"]}
[debug] [2024-04-24T21:01:00.612Z] <<< [apiv2][status] POST https://cloudresourcemanager.googleapis.com/v1/projects/nascarui:testIamPermissions 200
[debug] [2024-04-24T21:01:00.612Z] <<< [apiv2][body] POST https://cloudresourcemanager.googleapis.com/v1/projects/nascarui:testIamPermissions {"permissions":["firebase.projects.get","firebasehosting.sites.update"]}
[debug] [2024-04-24T21:01:00.613Z] >>> [apiv2][query] GET https://firebase.googleapis.com/v1beta1/projects/nascarui [none]
